# JRE version: OpenJDK Runtime Environment (17.0.6) (build 17.0.6+0-b2043.56-10027231)
# Java VM: OpenJDK 64-Bit Server VM (17.0.6+0-b2043.56-10027231, mixed mode, tiered, compressed oops, compressed class ptrs, g1 gc, windows-amd64)
GC Precious Log:
 CPUs: 8 total, 8 available
 Memory: 15295M
 Large Page Support: Disabled
 NUMA Support: Disabled
 Compressed Oops: Enabled (32-bit)
 Heap Region Size: 1M
 Heap Min Capacity: 8M
 Heap Initial Capacity: 240M
 Heap Max Capacity: 2G
 Pre-touch: Disabled
 Parallel Workers: 8
 Concurrent Workers: 2
 Concurrent Refinement Workers: 8
 Periodic GC: Disabled
Heap:
 garbage-first heap   total 75776K, used 44901K [0x0000000080000000, 0x0000000100000000)
  region size 1024K, 3 young (3072K), 1 survivors (1024K)
 Metaspace       used 55114K, committed 55616K, reserved 1097728K
  class space    used 7457K, committed 7680K, reserved 1048576K
GC Heap History (20 events):
Event: 9.679 GC heap before
{Heap before GC invocations=6 (full 0):
 garbage-first heap   total 71680K, used 51884K [0x0000000080000000, 0x0000000100000000)
  region size 1024K, 33 young (33792K), 4 survivors (4096K)
 Metaspace       used 33714K, committed 34048K, reserved 1081344K
  class space    used 4623K, committed 4736K, reserved 1048576K
}
Event: 9.685 GC heap after
{Heap after GC invocations=7 (full 0):
 garbage-first heap   total 71680K, used 23446K [0x0000000080000000, 0x0000000100000000)
  region size 1024K, 3 young (3072K), 3 survivors (3072K)
 Metaspace       used 33714K, committed 34048K, reserved 1081344K
  class space    used 4623K, committed 4736K, reserved 1048576K
}
Event: 10.180 GC heap before
{Heap before GC invocations=7 (full 0):
 garbage-first heap   total 71680K, used 35734K [0x0000000080000000, 0x0000000100000000)
  region size 1024K, 16 young (16384K), 3 survivors (3072K)
 Metaspace       used 35865K, committed 36096K, reserved 1081344K
  class space    used 4952K, committed 5056K, reserved 1048576K
}
Event: 10.186 GC heap after
{Heap after GC invocations=8 (full 0):
 garbage-first heap   total 71680K, used 24178K [0x0000000080000000, 0x0000000100000000)
  region size 1024K, 2 young (2048K), 2 survivors (2048K)
 Metaspace       used 35865K, committed 36096K, reserved 1081344K
  class space    used 4952K, committed 5056K, reserved 1048576K
}
Event: 11.468 GC heap before
{Heap before GC invocations=9 (full 0):
 garbage-first heap   total 71680K, used 54898K [0x0000000080000000, 0x0000000100000000)
  region size 1024K, 33 young (33792K), 2 survivors (2048K)
 Metaspace       used 42044K, committed 42432K, reserved 1089536K
  class space    used 5603K, committed 5760K, reserved 1048576K
}
Event: 11.475 GC heap after
{Heap after GC invocations=10 (full 0):
 garbage-first heap   total 71680K, used 27966K [0x0000000080000000, 0x0000000100000000)
  region size 1024K, 5 young (5120K), 5 survivors (5120K)
 Metaspace       used 42044K, committed 42432K, reserved 1089536K
  class space    used 5603K, committed 5760K, reserved 1048576K
}
Event: 12.149 GC heap before
{Heap before GC invocations=10 (full 0):
 garbage-first heap   total 71680K, used 58686K [0x0000000080000000, 0x0000000100000000)
  region size 1024K, 31 young (31744K), 5 survivors (5120K)
 Metaspace       used 44359K, committed 44736K, reserved 1089536K
  class space    used 5838K, committed 6016K, reserved 1048576K
}
Event: 12.156 GC heap after
{Heap after GC invocations=11 (full 0):
 garbage-first heap   total 71680K, used 30259K [0x0000000080000000, 0x0000000100000000)
  region size 1024K, 3 young (3072K), 3 survivors (3072K)
 Metaspace       used 44359K, committed 44736K, reserved 1089536K
  class space    used 5838K, committed 6016K, reserved 1048576K
}
Event: 12.674 GC heap before
{Heap before GC invocations=11 (full 0):
 garbage-first heap   total 71680K, used 55859K [0x0000000080000000, 0x0000000100000000)
  region size 1024K, 27 young (27648K), 3 survivors (3072K)
 Metaspace       used 46274K, committed 46720K, reserved 1089536K
  class space    used 6042K, committed 6208K, reserved 1048576K
}
Event: 12.679 GC heap after
{Heap after GC invocations=12 (full 0):
 garbage-first heap   total 71680K, used 31601K [0x0000000080000000, 0x0000000100000000)
  region size 1024K, 2 young (2048K), 2 survivors (2048K)
 Metaspace       used 46274K, committed 46720K, reserved 1089536K
  class space    used 6042K, committed 6208K, reserved 1048576K
}
Event: 13.527 GC heap before
{Heap before GC invocations=12 (full 0):
 garbage-first heap   total 71680K, used 56177K [0x0000000080000000, 0x0000000100000000)
  region size 1024K, 26 young (26624K), 2 survivors (2048K)
 Metaspace       used 49030K, committed 49472K, reserved 1097728K
  class space    used 6507K, committed 6720K, reserved 1048576K
}
Event: 13.530 GC heap after
{Heap after GC invocations=13 (full 0):
 garbage-first heap   total 71680K, used 32593K [0x0000000080000000, 0x0000000100000000)
  region size 1024K, 3 young (3072K), 3 survivors (3072K)
 Metaspace       used 49030K, committed 49472K, reserved 1097728K
  class space    used 6507K, committed 6720K, reserved 1048576K
}
Event: 14.394 GC heap before
{Heap before GC invocations=13 (full 0):
 garbage-first heap   total 71680K, used 56145K [0x0000000080000000, 0x0000000100000000)
  region size 1024K, 27 young (27648K), 3 survivors (3072K)
 Metaspace       used 51972K, committed 52480K, reserved 1097728K
  class space    used 7011K, committed 7232K, reserved 1048576K
}
Event: 14.397 GC heap after
{Heap after GC invocations=14 (full 0):
 garbage-first heap   total 71680K, used 33776K [0x0000000080000000, 0x0000000100000000)
  region size 1024K, 3 young (3072K), 3 survivors (3072K)
 Metaspace       used 51972K, committed 52480K, reserved 1097728K
  class space    used 7011K, committed 7232K, reserved 1048576K
}
Event: 15.206 GC heap before
{Heap before GC invocations=14 (full 0):
 garbage-first heap   total 71680K, used 57328K [0x0000000080000000, 0x0000000100000000)
  region size 1024K, 26 young (26624K), 3 survivors (3072K)
 Metaspace       used 54411K, committed 54976K, reserved 1097728K
  class space    used 7375K, committed 7616K, reserved 1048576K
}
Event: 15.211 GC heap after
{Heap after GC invocations=15 (full 0):
 garbage-first heap   total 71680K, used 35281K [0x0000000080000000, 0x0000000100000000)
  region size 1024K, 3 young (3072K), 3 survivors (3072K)
 Metaspace       used 54411K, committed 54976K, reserved 1097728K
  class space    used 7375K, committed 7616K, reserved 1048576K
}
Event: 15.948 GC heap before
{Heap before GC invocations=16 (full 0):
 garbage-first heap   total 71680K, used 56785K [0x0000000080000000, 0x0000000100000000)
  region size 1024K, 25 young (25600K), 3 survivors (3072K)
 Metaspace       used 55003K, committed 55552K, reserved 1097728K
  class space    used 7446K, committed 7680K, reserved 1048576K
}
Event: 15.954 GC heap after
{Heap after GC invocations=17 (full 0):
 garbage-first heap   total 71680K, used 37066K [0x0000000080000000, 0x0000000100000000)
  region size 1024K, 4 young (4096K), 4 survivors (4096K)
 Metaspace       used 55003K, committed 55552K, reserved 1097728K
  class space    used 7446K, committed 7680K, reserved 1048576K
}
Event: 16.047 GC heap before
{Heap before GC invocations=17 (full 0):
 garbage-first heap   total 71680K, used 39114K [0x0000000080000000, 0x0000000100000000)
  region size 1024K, 8 young (8192K), 4 survivors (4096K)
 Metaspace       used 55098K, committed 55616K, reserved 1097728K
  class space    used 7455K, committed 7680K, reserved 1048576K
}
Event: 16.052 GC heap after
{Heap after GC invocations=18 (full 0):
 garbage-first heap   total 71680K, used 37733K [0x0000000080000000, 0x0000000100000000)
  region size 1024K, 1 young (1024K), 1 survivors (1024K)
 Metaspace       used 55098K, committed 55616K, reserved 1097728K
  class space    used 7455K, committed 7680K, reserved 1048576K
}

