# JRE version: OpenJDK Runtime Environment (17.0.6) (build 17.0.6+0-b2043.56-10027231)
# Java VM: OpenJDK 64-Bit Server VM (17.0.6+0-b2043.56-10027231, mixed mode, tiered, compressed oops, compressed class ptrs, g1 gc, windows-amd64)
GC Precious Log:
 CPUs: 8 total, 8 available
 Memory: 15295M
 Large Page Support: Disabled
 NUMA Support: Disabled
 Compressed Oops: Enabled (32-bit)
 Heap Region Size: 1M
 Heap Min Capacity: 8M
 Heap Initial Capacity: 240M
 Heap Max Capacity: 2G
 Pre-touch: Disabled
 Parallel Workers: 8
 Concurrent Workers: 2
 Concurrent Refinement Workers: 8
 Periodic GC: Disabled
Heap:
 garbage-first heap   total 356352K, used 185837K [0x0000000080000000, 0x0000000100000000)
  region size 1024K, 10 young (10240K), 4 survivors (4096K)
 Metaspace       used 163857K, committed 164672K, reserved 1196032K
  class space    used 21381K, committed 21760K, reserved 1048576K
GC Heap History (20 events):
Event: 35.722 GC heap before
{Heap before GC invocations=35 (full 0):
 garbage-first heap   total 356352K, used 232141K [0x0000000080000000, 0x0000000100000000)
  region size 1024K, 127 young (130048K), 2 survivors (2048K)
 Metaspace       used 106728K, committed 107392K, reserved 1146880K
  class space    used 14417K, committed 14720K, reserved 1048576K
}
Event: 35.745 GC heap after
{Heap after GC invocations=36 (full 0):
 garbage-first heap   total 356352K, used 122348K [0x0000000080000000, 0x0000000100000000)
  region size 1024K, 16 young (16384K), 16 survivors (16384K)
 Metaspace       used 106728K, committed 107392K, reserved 1146880K
  class space    used 14417K, committed 14720K, reserved 1048576K
}
Event: 35.771 GC heap before
{Heap before GC invocations=36 (full 0):
 garbage-first heap   total 356352K, used 122348K [0x0000000080000000, 0x0000000100000000)
  region size 1024K, 17 young (17408K), 16 survivors (16384K)
 Metaspace       used 106818K, committed 107456K, reserved 1146880K
  class space    used 14427K, committed 14720K, reserved 1048576K
}
Event: 35.784 GC heap after
{Heap after GC invocations=37 (full 0):
 garbage-first heap   total 356352K, used 124449K [0x0000000080000000, 0x0000000100000000)
  region size 1024K, 2 young (2048K), 2 survivors (2048K)
 Metaspace       used 106818K, committed 107456K, reserved 1146880K
  class space    used 14427K, committed 14720K, reserved 1048576K
}
Event: 39.215 GC heap before
{Heap before GC invocations=37 (full 0):
 garbage-first heap   total 356352K, used 240161K [0x0000000080000000, 0x0000000100000000)
  region size 1024K, 114 young (116736K), 2 survivors (2048K)
 Metaspace       used 117540K, committed 118144K, reserved 1155072K
  class space    used 15695K, committed 16000K, reserved 1048576K
}
Event: 39.224 GC heap after
{Heap after GC invocations=38 (full 0):
 garbage-first heap   total 356352K, used 129194K [0x0000000080000000, 0x0000000100000000)
  region size 1024K, 7 young (7168K), 7 survivors (7168K)
 Metaspace       used 117540K, committed 118144K, reserved 1155072K
  class space    used 15695K, committed 16000K, reserved 1048576K
}
Event: 44.099 GC heap before
{Heap before GC invocations=38 (full 0):
 garbage-first heap   total 356352K, used 251050K [0x0000000080000000, 0x0000000100000000)
  region size 1024K, 126 young (129024K), 7 survivors (7168K)
 Metaspace       used 124918K, committed 125568K, reserved 1163264K
  class space    used 16446K, committed 16768K, reserved 1048576K
}
Event: 44.111 GC heap after
{Heap after GC invocations=39 (full 0):
 garbage-first heap   total 356352K, used 139264K [0x0000000080000000, 0x0000000100000000)
  region size 1024K, 16 young (16384K), 16 survivors (16384K)
 Metaspace       used 124918K, committed 125568K, reserved 1163264K
  class space    used 16446K, committed 16768K, reserved 1048576K
}
Event: 496.050 GC heap before
{Heap before GC invocations=39 (full 0):
 garbage-first heap   total 356352K, used 263168K [0x0000000080000000, 0x0000000100000000)
  region size 1024K, 137 young (140288K), 16 survivors (16384K)
 Metaspace       used 132310K, committed 132992K, reserved 1171456K
  class space    used 17309K, committed 17664K, reserved 1048576K
}
Event: 496.070 GC heap after
{Heap after GC invocations=40 (full 0):
 garbage-first heap   total 356352K, used 146895K [0x0000000080000000, 0x0000000100000000)
  region size 1024K, 8 young (8192K), 8 survivors (8192K)
 Metaspace       used 132310K, committed 132992K, reserved 1171456K
  class space    used 17309K, committed 17664K, reserved 1048576K
}
Event: 497.863 GC heap before
{Heap before GC invocations=40 (full 0):
 garbage-first heap   total 356352K, used 272847K [0x0000000080000000, 0x0000000100000000)
  region size 1024K, 130 young (133120K), 8 survivors (8192K)
 Metaspace       used 132937K, committed 133632K, reserved 1171456K
  class space    used 17311K, committed 17664K, reserved 1048576K
}
Event: 497.886 GC heap after
{Heap after GC invocations=41 (full 0):
 garbage-first heap   total 356352K, used 162816K [0x0000000080000000, 0x0000000100000000)
  region size 1024K, 17 young (17408K), 17 survivors (17408K)
 Metaspace       used 132937K, committed 133632K, reserved 1171456K
  class space    used 17311K, committed 17664K, reserved 1048576K
}
Event: 502.251 GC heap before
{Heap before GC invocations=41 (full 0):
 garbage-first heap   total 356352K, used 276480K [0x0000000080000000, 0x0000000100000000)
  region size 1024K, 129 young (132096K), 17 survivors (17408K)
 Metaspace       used 146348K, committed 147072K, reserved 1179648K
  class space    used 18659K, committed 19008K, reserved 1048576K
}
Event: 502.276 GC heap after
{Heap after GC invocations=42 (full 0):
 garbage-first heap   total 356352K, used 167667K [0x0000000080000000, 0x0000000100000000)
  region size 1024K, 5 young (5120K), 5 survivors (5120K)
 Metaspace       used 146348K, committed 147072K, reserved 1179648K
  class space    used 18659K, committed 19008K, reserved 1048576K
}
Event: 505.888 GC heap before
{Heap before GC invocations=42 (full 0):
 garbage-first heap   total 356352K, used 284403K [0x0000000080000000, 0x0000000100000000)
  region size 1024K, 119 young (121856K), 5 survivors (5120K)
 Metaspace       used 154933K, committed 155712K, reserved 1187840K
  class space    used 20079K, committed 20480K, reserved 1048576K
}
Event: 505.900 GC heap after
{Heap after GC invocations=43 (full 0):
 garbage-first heap   total 356352K, used 165187K [0x0000000080000000, 0x0000000100000000)
  region size 1024K, 10 young (10240K), 10 survivors (10240K)
 Metaspace       used 154933K, committed 155712K, reserved 1187840K
  class space    used 20079K, committed 20480K, reserved 1048576K
}
Event: 509.203 GC heap before
{Heap before GC invocations=43 (full 0):
 garbage-first heap   total 356352K, used 286019K [0x0000000080000000, 0x0000000100000000)
  region size 1024K, 128 young (131072K), 10 survivors (10240K)
 Metaspace       used 161636K, committed 162496K, reserved 1196032K
  class space    used 21026K, committed 21440K, reserved 1048576K
}
Event: 509.223 GC heap after
{Heap after GC invocations=44 (full 0):
 garbage-first heap   total 356352K, used 176675K [0x0000000080000000, 0x0000000100000000)
  region size 1024K, 16 young (16384K), 16 survivors (16384K)
 Metaspace       used 161636K, committed 162496K, reserved 1196032K
  class space    used 21026K, committed 21440K, reserved 1048576K
}
Event: 510.357 GC heap before
{Heap before GC invocations=44 (full 0):
 garbage-first heap   total 356352K, used 195107K [0x0000000080000000, 0x0000000100000000)
  region size 1024K, 35 young (35840K), 16 survivors (16384K)
 Metaspace       used 163701K, committed 164480K, reserved 1196032K
  class space    used 21363K, committed 21760K, reserved 1048576K
}
Event: 510.378 GC heap after
{Heap after GC invocations=45 (full 0):
 garbage-first heap   total 356352K, used 180717K [0x0000000080000000, 0x0000000100000000)
  region size 1024K, 4 young (4096K), 4 survivors (4096K)
 Metaspace       used 163701K, committed 164480K, reserved 1196032K
  class space    used 21363K, committed 21760K, reserved 1048576K
}

