# JRE version: OpenJDK Runtime Environment (17.0.6) (build 17.0.6+0-b2043.56-10027231)
# Java VM: OpenJDK 64-Bit Server VM (17.0.6+0-b2043.56-10027231, mixed mode, tiered, compressed oops, compressed class ptrs, g1 gc, windows-amd64)
GC Precious Log:
 CPUs: 8 total, 8 available
 Memory: 15295M
 Large Page Support: Disabled
 NUMA Support: Disabled
 Compressed Oops: Enabled (32-bit)
 Heap Region Size: 1M
 Heap Min Capacity: 8M
 Heap Initial Capacity: 240M
 Heap Max Capacity: 2G
 Pre-touch: Disabled
 Parallel Workers: 8
 Concurrent Workers: 2
 Concurrent Refinement Workers: 8
 Periodic GC: Disabled
Heap:
 garbage-first heap   total 82944K, used 64112K [0x0000000080000000, 0x0000000100000000)
  region size 1024K, 33 young (33792K), 3 survivors (3072K)
 Metaspace       used 54210K, committed 54720K, reserved 1097728K
  class space    used 7371K, committed 7616K, reserved 1048576K
GC Heap History (20 events):
Event: 7.384 GC heap before
{Heap before GC invocations=5 (full 0):
 garbage-first heap   total 68608K, used 47445K [0x0000000080000000, 0x0000000100000000)
  region size 1024K, 28 young (28672K), 2 survivors (2048K)
 Metaspace       used 29384K, committed 29696K, reserved 1081344K
  class space    used 3942K, committed 4096K, reserved 1048576K
}
Event: 7.389 GC heap after
{Heap after GC invocations=6 (full 0):
 garbage-first heap   total 68608K, used 22117K [0x0000000080000000, 0x0000000100000000)
  region size 1024K, 4 young (4096K), 4 survivors (4096K)
 Metaspace       used 29384K, committed 29696K, reserved 1081344K
  class space    used 3942K, committed 4096K, reserved 1048576K
}
Event: 8.192 GC heap before
{Heap before GC invocations=6 (full 0):
 garbage-first heap   total 68608K, used 47717K [0x0000000080000000, 0x0000000100000000)
  region size 1024K, 30 young (30720K), 4 survivors (4096K)
 Metaspace       used 32660K, committed 32960K, reserved 1081344K
  class space    used 4464K, committed 4608K, reserved 1048576K
}
Event: 8.197 GC heap after
{Heap after GC invocations=7 (full 0):
 garbage-first heap   total 68608K, used 23337K [0x0000000080000000, 0x0000000100000000)
  region size 1024K, 3 young (3072K), 3 survivors (3072K)
 Metaspace       used 32660K, committed 32960K, reserved 1081344K
  class space    used 4464K, committed 4608K, reserved 1048576K
}
Event: 9.029 GC heap before
{Heap before GC invocations=7 (full 0):
 garbage-first heap   total 68608K, used 41769K [0x0000000080000000, 0x0000000100000000)
  region size 1024K, 22 young (22528K), 3 survivors (3072K)
 Metaspace       used 35677K, committed 35968K, reserved 1081344K
  class space    used 4927K, committed 5056K, reserved 1048576K
}
Event: 9.034 GC heap after
{Heap after GC invocations=8 (full 0):
 garbage-first heap   total 68608K, used 24042K [0x0000000080000000, 0x0000000100000000)
  region size 1024K, 2 young (2048K), 2 survivors (2048K)
 Metaspace       used 35677K, committed 35968K, reserved 1081344K
  class space    used 4927K, committed 5056K, reserved 1048576K
}
Event: 10.279 GC heap before
{Heap before GC invocations=9 (full 0):
 garbage-first heap   total 68608K, used 50666K [0x0000000080000000, 0x0000000100000000)
  region size 1024K, 29 young (29696K), 2 survivors (2048K)
 Metaspace       used 41953K, committed 42304K, reserved 1089536K
  class space    used 5601K, committed 5760K, reserved 1048576K
}
Event: 10.286 GC heap after
{Heap after GC invocations=10 (full 0):
 garbage-first heap   total 68608K, used 27409K [0x0000000080000000, 0x0000000100000000)
  region size 1024K, 4 young (4096K), 4 survivors (4096K)
 Metaspace       used 41953K, committed 42304K, reserved 1089536K
  class space    used 5601K, committed 5760K, reserved 1048576K
}
Event: 10.721 GC heap before
{Heap before GC invocations=10 (full 0):
 garbage-first heap   total 68608K, used 51985K [0x0000000080000000, 0x0000000100000000)
  region size 1024K, 28 young (28672K), 4 survivors (4096K)
 Metaspace       used 42733K, committed 43072K, reserved 1089536K
  class space    used 5687K, committed 5824K, reserved 1048576K
}
Event: 10.728 GC heap after
{Heap after GC invocations=11 (full 0):
 garbage-first heap   total 68608K, used 30978K [0x0000000080000000, 0x0000000100000000)
  region size 1024K, 4 young (4096K), 4 survivors (4096K)
 Metaspace       used 42733K, committed 43072K, reserved 1089536K
  class space    used 5687K, committed 5824K, reserved 1048576K
}
Event: 10.731 GC heap before
{Heap before GC invocations=11 (full 0):
 garbage-first heap   total 68608K, used 34050K [0x0000000080000000, 0x0000000100000000)
  region size 1024K, 6 young (6144K), 4 survivors (4096K)
 Metaspace       used 42734K, committed 43136K, reserved 1089536K
  class space    used 5687K, committed 5824K, reserved 1048576K
}
Event: 10.734 GC heap after
{Heap after GC invocations=12 (full 0):
 garbage-first heap   total 68608K, used 33162K [0x0000000080000000, 0x0000000100000000)
  region size 1024K, 1 young (1024K), 1 survivors (1024K)
 Metaspace       used 42734K, committed 43136K, reserved 1089536K
  class space    used 5687K, committed 5824K, reserved 1048576K
}
Event: 11.191 GC heap before
{Heap before GC invocations=13 (full 0):
 garbage-first heap   total 68608K, used 55690K [0x0000000080000000, 0x0000000100000000)
  region size 1024K, 21 young (21504K), 1 survivors (1024K)
 Metaspace       used 44877K, committed 45248K, reserved 1089536K
  class space    used 5932K, committed 6080K, reserved 1048576K
}
Event: 11.194 GC heap after
{Heap after GC invocations=14 (full 0):
 garbage-first heap   total 68608K, used 31797K [0x0000000080000000, 0x0000000100000000)
  region size 1024K, 1 young (1024K), 1 survivors (1024K)
 Metaspace       used 44877K, committed 45248K, reserved 1089536K
  class space    used 5932K, committed 6080K, reserved 1048576K
}
Event: 11.327 GC heap before
{Heap before GC invocations=14 (full 0):
 garbage-first heap   total 68608K, used 36917K [0x0000000080000000, 0x0000000100000000)
  region size 1024K, 7 young (7168K), 1 survivors (1024K)
 Metaspace       used 45103K, committed 45504K, reserved 1089536K
  class space    used 5947K, committed 6144K, reserved 1048576K
}
Event: 11.329 GC heap after
{Heap after GC invocations=15 (full 0):
 garbage-first heap   total 68608K, used 32472K [0x0000000080000000, 0x0000000100000000)
  region size 1024K, 2 young (2048K), 2 survivors (2048K)
 Metaspace       used 45103K, committed 45504K, reserved 1089536K
  class space    used 5947K, committed 6144K, reserved 1048576K
}
Event: 12.313 GC heap before
{Heap before GC invocations=16 (full 0):
 garbage-first heap   total 68608K, used 56024K [0x0000000080000000, 0x0000000100000000)
  region size 1024K, 24 young (24576K), 2 survivors (2048K)
 Metaspace       used 48184K, committed 48640K, reserved 1097728K
  class space    used 6388K, committed 6592K, reserved 1048576K
}
Event: 12.317 GC heap after
{Heap after GC invocations=17 (full 0):
 garbage-first heap   total 68608K, used 33213K [0x0000000080000000, 0x0000000100000000)
  region size 1024K, 3 young (3072K), 3 survivors (3072K)
 Metaspace       used 48184K, committed 48640K, reserved 1097728K
  class space    used 6388K, committed 6592K, reserved 1048576K
}
Event: 13.155 GC heap before
{Heap before GC invocations=17 (full 0):
 garbage-first heap   total 68608K, used 54717K [0x0000000080000000, 0x0000000100000000)
  region size 1024K, 24 young (24576K), 3 survivors (3072K)
 Metaspace       used 50875K, committed 51328K, reserved 1097728K
  class space    used 6834K, committed 7040K, reserved 1048576K
}
Event: 13.159 GC heap after
{Heap after GC invocations=18 (full 0):
 garbage-first heap   total 82944K, used 34416K [0x0000000080000000, 0x0000000100000000)
  region size 1024K, 3 young (3072K), 3 survivors (3072K)
 Metaspace       used 50875K, committed 51328K, reserved 1097728K
  class space    used 6834K, committed 7040K, reserved 1048576K
}

