# JRE version: OpenJDK Runtime Environment (17.0.6) (build 17.0.6+0-b2043.56-10027231)
# Java VM: OpenJDK 64-Bit Server VM (17.0.6+0-b2043.56-10027231, mixed mode, tiered, compressed oops, compressed class ptrs, g1 gc, windows-amd64)
GC Precious Log:
 CPUs: 8 total, 8 available
 Memory: 15295M
 Large Page Support: Disabled
 NUMA Support: Disabled
 Compressed Oops: Enabled (32-bit)
 Heap Region Size: 1M
 Heap Min Capacity: 8M
 Heap Initial Capacity: 240M
 Heap Max Capacity: 2G
 Pre-touch: Disabled
 Parallel Workers: 8
 Concurrent Workers: 2
 Concurrent Refinement Workers: 8
 Periodic GC: Disabled
Heap:
 garbage-first heap   total 133120K, used 83177K [0x0000000080000000, 0x0000000100000000)
  region size 1024K, 8 young (8192K), 2 survivors (2048K)
 Metaspace       used 57980K, committed 58624K, reserved 1105920K
  class space    used 7877K, committed 8128K, reserved 1048576K
GC Heap History (20 events):
Event: 12.244 GC heap before
{Heap before GC invocations=17 (full 0):
 garbage-first heap   total 89088K, used 69502K [0x0000000080000000, 0x0000000100000000)
  region size 1024K, 21 young (21504K), 3 survivors (3072K)
 Metaspace       used 43332K, committed 43776K, reserved 1089536K
  class space    used 5825K, committed 6016K, reserved 1048576K
}
Event: 12.251 GC heap after
{Heap after GC invocations=18 (full 0):
 garbage-first heap   total 89088K, used 54620K [0x0000000080000000, 0x0000000100000000)
  region size 1024K, 3 young (3072K), 3 survivors (3072K)
 Metaspace       used 43332K, committed 43776K, reserved 1089536K
  class space    used 5825K, committed 6016K, reserved 1048576K
}
Event: 12.467 GC heap before
{Heap before GC invocations=18 (full 0):
 garbage-first heap   total 89088K, used 67932K [0x0000000080000000, 0x0000000100000000)
  region size 1024K, 18 young (18432K), 3 survivors (3072K)
 Metaspace       used 43818K, committed 44160K, reserved 1089536K
  class space    used 5873K, committed 6016K, reserved 1048576K
}
Event: 12.471 GC heap after
{Heap after GC invocations=19 (full 0):
 garbage-first heap   total 124928K, used 55734K [0x0000000080000000, 0x0000000100000000)
  region size 1024K, 3 young (3072K), 3 survivors (3072K)
 Metaspace       used 43818K, committed 44160K, reserved 1089536K
  class space    used 5873K, committed 6016K, reserved 1048576K
}
Event: 12.475 GC heap before
{Heap before GC invocations=19 (full 0):
 garbage-first heap   total 124928K, used 56758K [0x0000000080000000, 0x0000000100000000)
  region size 1024K, 4 young (4096K), 3 survivors (3072K)
 Metaspace       used 43818K, committed 44160K, reserved 1089536K
  class space    used 5873K, committed 6016K, reserved 1048576K
}
Event: 12.477 GC heap after
{Heap after GC invocations=20 (full 0):
 garbage-first heap   total 124928K, used 56274K [0x0000000080000000, 0x0000000100000000)
  region size 1024K, 2 young (2048K), 2 survivors (2048K)
 Metaspace       used 43818K, committed 44160K, reserved 1089536K
  class space    used 5873K, committed 6016K, reserved 1048576K
}
Event: 12.479 GC heap before
{Heap before GC invocations=20 (full 0):
 garbage-first heap   total 124928K, used 58322K [0x0000000080000000, 0x0000000100000000)
  region size 1024K, 3 young (3072K), 2 survivors (2048K)
 Metaspace       used 43819K, committed 44160K, reserved 1089536K
  class space    used 5873K, committed 6016K, reserved 1048576K
}
Event: 12.482 GC heap after
{Heap after GC invocations=21 (full 0):
 garbage-first heap   total 124928K, used 57286K [0x0000000080000000, 0x0000000100000000)
  region size 1024K, 2 young (2048K), 2 survivors (2048K)
 Metaspace       used 43819K, committed 44160K, reserved 1089536K
  class space    used 5873K, committed 6016K, reserved 1048576K
}
Event: 14.223 GC heap before
{Heap before GC invocations=22 (full 0):
 garbage-first heap   total 124928K, used 100294K [0x0000000080000000, 0x0000000100000000)
  region size 1024K, 43 young (44032K), 2 survivors (2048K)
 Metaspace       used 48397K, committed 48896K, reserved 1097728K
  class space    used 6469K, committed 6720K, reserved 1048576K
}
Event: 14.234 GC heap after
{Heap after GC invocations=23 (full 0):
 garbage-first heap   total 124928K, used 58666K [0x0000000080000000, 0x0000000100000000)
  region size 1024K, 5 young (5120K), 5 survivors (5120K)
 Metaspace       used 48397K, committed 48896K, reserved 1097728K
  class space    used 6469K, committed 6720K, reserved 1048576K
}
Event: 14.333 GC heap before
{Heap before GC invocations=23 (full 0):
 garbage-first heap   total 124928K, used 65834K [0x0000000080000000, 0x0000000100000000)
  region size 1024K, 10 young (10240K), 5 survivors (5120K)
 Metaspace       used 48727K, committed 49216K, reserved 1097728K
  class space    used 6494K, committed 6720K, reserved 1048576K
}
Event: 14.338 GC heap after
{Heap after GC invocations=24 (full 0):
 garbage-first heap   total 124928K, used 63478K [0x0000000080000000, 0x0000000100000000)
  region size 1024K, 2 young (2048K), 2 survivors (2048K)
 Metaspace       used 48727K, committed 49216K, reserved 1097728K
  class space    used 6494K, committed 6720K, reserved 1048576K
}
Event: 15.153 GC heap before
{Heap before GC invocations=25 (full 0):
 garbage-first heap   total 124928K, used 97270K [0x0000000080000000, 0x0000000100000000)
  region size 1024K, 33 young (33792K), 2 survivors (2048K)
 Metaspace       used 51193K, committed 51776K, reserved 1097728K
  class space    used 6762K, committed 7040K, reserved 1048576K
}
Event: 15.156 GC heap after
{Heap after GC invocations=26 (full 0):
 garbage-first heap   total 124928K, used 63933K [0x0000000080000000, 0x0000000100000000)
  region size 1024K, 3 young (3072K), 3 survivors (3072K)
 Metaspace       used 51193K, committed 51776K, reserved 1097728K
  class space    used 6762K, committed 7040K, reserved 1048576K
}
Event: 16.270 GC heap before
{Heap before GC invocations=26 (full 0):
 garbage-first heap   total 124928K, used 96701K [0x0000000080000000, 0x0000000100000000)
  region size 1024K, 35 young (35840K), 3 survivors (3072K)
 Metaspace       used 54381K, committed 54976K, reserved 1097728K
  class space    used 7336K, committed 7616K, reserved 1048576K
}
Event: 16.277 GC heap after
{Heap after GC invocations=27 (full 0):
 garbage-first heap   total 124928K, used 65974K [0x0000000080000000, 0x0000000100000000)
  region size 1024K, 5 young (5120K), 5 survivors (5120K)
 Metaspace       used 54381K, committed 54976K, reserved 1097728K
  class space    used 7336K, committed 7616K, reserved 1048576K
}
Event: 17.616 GC heap before
{Heap before GC invocations=28 (full 0):
 garbage-first heap   total 124928K, used 98742K [0x0000000080000000, 0x0000000100000000)
  region size 1024K, 37 young (37888K), 5 survivors (5120K)
 Metaspace       used 57441K, committed 58048K, reserved 1105920K
  class space    used 7824K, committed 8064K, reserved 1048576K
}
Event: 17.624 GC heap after
{Heap after GC invocations=29 (full 0):
 garbage-first heap   total 124928K, used 69082K [0x0000000080000000, 0x0000000100000000)
  region size 1024K, 5 young (5120K), 5 survivors (5120K)
 Metaspace       used 57441K, committed 58048K, reserved 1105920K
  class space    used 7824K, committed 8064K, reserved 1048576K
}
Event: 18.130 GC heap before
{Heap before GC invocations=29 (full 0):
 garbage-first heap   total 124928K, used 87514K [0x0000000080000000, 0x0000000100000000)
  region size 1024K, 25 young (25600K), 5 survivors (5120K)
 Metaspace       used 57904K, committed 58560K, reserved 1105920K
  class space    used 7868K, committed 8128K, reserved 1048576K
}
Event: 18.135 GC heap after
{Heap after GC invocations=30 (full 0):
 garbage-first heap   total 124928K, used 69865K [0x0000000080000000, 0x0000000100000000)
  region size 1024K, 2 young (2048K), 2 survivors (2048K)
 Metaspace       used 57904K, committed 58560K, reserved 1105920K
  class space    used 7868K, committed 8128K, reserved 1048576K
}

