# JRE version: OpenJDK Runtime Environment (17.0.6) (build 17.0.6+0-b2043.56-10027231)
# Java VM: OpenJDK 64-Bit Server VM (17.0.6+0-b2043.56-10027231, mixed mode, tiered, compressed oops, compressed class ptrs, g1 gc, windows-amd64)
GC Precious Log:
 CPUs: 8 total, 8 available
 Memory: 15295M
 Large Page Support: Disabled
 NUMA Support: Disabled
 Compressed Oops: Enabled (Zero based)
 Heap Region Size: 2M
 Heap Min Capacity: 8M
 Heap Initial Capacity: 240M
 Heap Max Capacity: 3824M
 Pre-touch: Disabled
 Parallel Workers: 8
 Concurrent Workers: 2
 Concurrent Refinement Workers: 8
 Periodic GC: Disabled
Heap:
 garbage-first heap   total 49152K, used 31054K [0x0000000711000000, 0x0000000800000000)
  region size 2048K, 13 young (26624K), 4 survivors (8192K)
 Metaspace       used 25913K, committed 26176K, reserved 1073152K
  class space    used 2831K, committed 2944K, reserved 1048576K
GC Heap History (6 events):
Event: 2.259 GC heap before
{Heap before GC invocations=0 (full 0):
 garbage-first heap   total 245760K, used 24576K [0x0000000711000000, 0x0000000800000000)
  region size 2048K, 11 young (22528K), 0 survivors (0K)
 Metaspace       used 12877K, committed 12992K, reserved 1064960K
  class space    used 1227K, committed 1280K, reserved 1048576K
}
Event: 2.265 GC heap after
{Heap after GC invocations=1 (full 0):
 garbage-first heap   total 245760K, used 6707K [0x0000000711000000, 0x0000000800000000)
  region size 2048K, 2 young (4096K), 2 survivors (4096K)
 Metaspace       used 12877K, committed 12992K, reserved 1064960K
  class space    used 1227K, committed 1280K, reserved 1048576K
}
Event: 4.552 GC heap before
{Heap before GC invocations=1 (full 0):
 garbage-first heap   total 245760K, used 37427K [0x0000000711000000, 0x0000000800000000)
  region size 2048K, 17 young (34816K), 2 survivors (4096K)
 Metaspace       used 20505K, committed 20736K, reserved 1073152K
  class space    used 2231K, committed 2368K, reserved 1048576K
}
Event: 4.563 GC heap after
{Heap after GC invocations=2 (full 0):
 garbage-first heap   total 245760K, used 10220K [0x0000000711000000, 0x0000000800000000)
  region size 2048K, 3 young (6144K), 3 survivors (6144K)
 Metaspace       used 20505K, committed 20736K, reserved 1073152K
  class space    used 2231K, committed 2368K, reserved 1048576K
}
Event: 4.680 GC heap before
{Heap before GC invocations=2 (full 0):
 garbage-first heap   total 245760K, used 12268K [0x0000000711000000, 0x0000000800000000)
  region size 2048K, 5 young (10240K), 3 survivors (6144K)
 Metaspace       used 21323K, committed 21504K, reserved 1073152K
  class space    used 2328K, committed 2432K, reserved 1048576K
}
Event: 4.687 GC heap after
{Heap after GC invocations=3 (full 0):
 garbage-first heap   total 245760K, used 10574K [0x0000000711000000, 0x0000000800000000)
  region size 2048K, 4 young (8192K), 4 survivors (8192K)
 Metaspace       used 21323K, committed 21504K, reserved 1073152K
  class space    used 2328K, committed 2432K, reserved 1048576K
}

