# JRE version: OpenJDK Runtime Environment (17.0.6) (build 17.0.6+0-b2043.56-10027231)
# Java VM: OpenJDK 64-Bit Server VM (17.0.6+0-b2043.56-10027231, mixed mode, tiered, compressed oops, compressed class ptrs, g1 gc, windows-amd64)
GC Precious Log:
 CPUs: 8 total, 8 available
 Memory: 15295M
 Large Page Support: Disabled
 NUMA Support: Disabled
 Compressed Oops: Enabled (32-bit)
 Heap Region Size: 1M
 Heap Min Capacity: 8M
 Heap Initial Capacity: 240M
 Heap Max Capacity: 2G
 Pre-touch: Disabled
 Parallel Workers: 8
 Concurrent Workers: 2
 Concurrent Refinement Workers: 8
 Periodic GC: Disabled
Heap:
 garbage-first heap   total 168960K, used 141982K [0x0000000080000000, 0x0000000100000000)
  region size 1024K, 18 young (18432K), 2 survivors (2048K)
 Metaspace       used 129398K, committed 130240K, reserved 1163264K
  class space    used 17521K, committed 17920K, reserved 1048576K
GC Heap History (20 events):
Event: 39.702 GC heap before
{Heap before GC invocations=60 (full 0):
 garbage-first heap   total 168960K, used 141191K [0x0000000080000000, 0x0000000100000000)
  region size 1024K, 28 young (28672K), 2 survivors (2048K)
 Metaspace       used 113726K, committed 114496K, reserved 1155072K
  class space    used 15331K, committed 15744K, reserved 1048576K
}
Event: 39.706 GC heap after
{Heap after GC invocations=61 (full 0):
 garbage-first heap   total 168960K, used 115711K [0x0000000080000000, 0x0000000100000000)
  region size 1024K, 2 young (2048K), 2 survivors (2048K)
 Metaspace       used 113726K, committed 114496K, reserved 1155072K
  class space    used 15331K, committed 15744K, reserved 1048576K
}
Event: 40.541 GC heap before
{Heap before GC invocations=61 (full 0):
 garbage-first heap   total 168960K, used 142335K [0x0000000080000000, 0x0000000100000000)
  region size 1024K, 29 young (29696K), 2 survivors (2048K)
 Metaspace       used 114628K, committed 115392K, reserved 1155072K
  class space    used 15423K, committed 15808K, reserved 1048576K
}
Event: 40.545 GC heap after
{Heap after GC invocations=62 (full 0):
 garbage-first heap   total 168960K, used 116767K [0x0000000080000000, 0x0000000100000000)
  region size 1024K, 3 young (3072K), 3 survivors (3072K)
 Metaspace       used 114628K, committed 115392K, reserved 1155072K
  class space    used 15423K, committed 15808K, reserved 1048576K
}
Event: 41.211 GC heap before
{Heap before GC invocations=62 (full 0):
 garbage-first heap   total 168960K, used 143391K [0x0000000080000000, 0x0000000100000000)
  region size 1024K, 30 young (30720K), 3 survivors (3072K)
 Metaspace       used 115425K, committed 116160K, reserved 1155072K
  class space    used 15506K, committed 15872K, reserved 1048576K
}
Event: 41.218 GC heap after
{Heap after GC invocations=63 (full 0):
 garbage-first heap   total 168960K, used 119665K [0x0000000080000000, 0x0000000100000000)
  region size 1024K, 4 young (4096K), 4 survivors (4096K)
 Metaspace       used 115425K, committed 116160K, reserved 1155072K
  class space    used 15506K, committed 15872K, reserved 1048576K
}
Event: 41.689 GC heap before
{Heap before GC invocations=63 (full 0):
 garbage-first heap   total 168960K, used 143217K [0x0000000080000000, 0x0000000100000000)
  region size 1024K, 28 young (28672K), 4 survivors (4096K)
 Metaspace       used 116197K, committed 116992K, reserved 1155072K
  class space    used 15598K, committed 16000K, reserved 1048576K
}
Event: 41.695 GC heap after
{Heap after GC invocations=64 (full 0):
 garbage-first heap   total 168960K, used 121403K [0x0000000080000000, 0x0000000100000000)
  region size 1024K, 2 young (2048K), 2 survivors (2048K)
 Metaspace       used 116197K, committed 116992K, reserved 1155072K
  class space    used 15598K, committed 16000K, reserved 1048576K
}
Event: 42.125 GC heap before
{Heap before GC invocations=64 (full 0):
 garbage-first heap   total 168960K, used 143930K [0x0000000080000000, 0x0000000100000000)
  region size 1024K, 25 young (25600K), 2 survivors (2048K)
 Metaspace       used 116536K, committed 117312K, reserved 1155072K
  class space    used 15639K, committed 16000K, reserved 1048576K
}
Event: 42.130 GC heap after
{Heap after GC invocations=65 (full 0):
 garbage-first heap   total 168960K, used 122150K [0x0000000080000000, 0x0000000100000000)
  region size 1024K, 3 young (3072K), 3 survivors (3072K)
 Metaspace       used 116536K, committed 117312K, reserved 1155072K
  class space    used 15639K, committed 16000K, reserved 1048576K
}
Event: 42.675 GC heap before
{Heap before GC invocations=65 (full 0):
 garbage-first heap   total 168960K, used 143654K [0x0000000080000000, 0x0000000100000000)
  region size 1024K, 25 young (25600K), 3 survivors (3072K)
 Metaspace       used 118439K, committed 119296K, reserved 1155072K
  class space    used 15907K, committed 16320K, reserved 1048576K
}
Event: 42.679 GC heap after
{Heap after GC invocations=66 (full 0):
 garbage-first heap   total 168960K, used 123032K [0x0000000080000000, 0x0000000100000000)
  region size 1024K, 3 young (3072K), 3 survivors (3072K)
 Metaspace       used 118439K, committed 119296K, reserved 1155072K
  class space    used 15907K, committed 16320K, reserved 1048576K
}
Event: 43.351 GC heap before
{Heap before GC invocations=66 (full 0):
 garbage-first heap   total 168960K, used 143512K [0x0000000080000000, 0x0000000100000000)
  region size 1024K, 24 young (24576K), 3 survivors (3072K)
 Metaspace       used 120766K, committed 121536K, reserved 1155072K
  class space    used 16207K, committed 16576K, reserved 1048576K
}
Event: 43.356 GC heap after
{Heap after GC invocations=67 (full 0):
 garbage-first heap   total 168960K, used 123686K [0x0000000080000000, 0x0000000100000000)
  region size 1024K, 2 young (2048K), 2 survivors (2048K)
 Metaspace       used 120766K, committed 121536K, reserved 1155072K
  class space    used 16207K, committed 16576K, reserved 1048576K
}
Event: 44.138 GC heap before
{Heap before GC invocations=67 (full 0):
 garbage-first heap   total 168960K, used 146214K [0x0000000080000000, 0x0000000100000000)
  region size 1024K, 24 young (24576K), 2 survivors (2048K)
 Metaspace       used 123129K, committed 123904K, reserved 1163264K
  class space    used 16561K, committed 16960K, reserved 1048576K
}
Event: 44.143 GC heap after
{Heap after GC invocations=68 (full 0):
 garbage-first heap   total 168960K, used 125020K [0x0000000080000000, 0x0000000100000000)
  region size 1024K, 3 young (3072K), 3 survivors (3072K)
 Metaspace       used 123129K, committed 123904K, reserved 1163264K
  class space    used 16561K, committed 16960K, reserved 1048576K
}
Event: 44.728 GC heap before
{Heap before GC invocations=68 (full 0):
 garbage-first heap   total 168960K, used 145500K [0x0000000080000000, 0x0000000100000000)
  region size 1024K, 24 young (24576K), 3 survivors (3072K)
 Metaspace       used 125404K, committed 126208K, reserved 1163264K
  class space    used 16856K, committed 17216K, reserved 1048576K
}
Event: 44.734 GC heap after
{Heap after GC invocations=69 (full 0):
 garbage-first heap   total 168960K, used 126104K [0x0000000080000000, 0x0000000100000000)
  region size 1024K, 3 young (3072K), 3 survivors (3072K)
 Metaspace       used 125404K, committed 126208K, reserved 1163264K
  class space    used 16856K, committed 17216K, reserved 1048576K
}
Event: 45.466 GC heap before
{Heap before GC invocations=69 (full 0):
 garbage-first heap   total 168960K, used 146584K [0x0000000080000000, 0x0000000100000000)
  region size 1024K, 23 young (23552K), 3 survivors (3072K)
 Metaspace       used 128221K, committed 129024K, reserved 1163264K
  class space    used 17341K, committed 17728K, reserved 1048576K
}
Event: 45.471 GC heap after
{Heap after GC invocations=70 (full 0):
 garbage-first heap   total 168960K, used 126622K [0x0000000080000000, 0x0000000100000000)
  region size 1024K, 2 young (2048K), 2 survivors (2048K)
 Metaspace       used 128221K, committed 129024K, reserved 1163264K
  class space    used 17341K, committed 17728K, reserved 1048576K
}

