# JRE version: OpenJDK Runtime Environment (17.0.6) (build 17.0.6+0-b2043.56-10027231)
# Java VM: OpenJDK 64-Bit Server VM (17.0.6+0-b2043.56-10027231, mixed mode, tiered, compressed oops, compressed class ptrs, g1 gc, windows-amd64)
GC Precious Log:
 CPUs: 8 total, 8 available
 Memory: 15295M
 Large Page Support: Disabled
 NUMA Support: Disabled
 Compressed Oops: Enabled (Zero based)
 Heap Region Size: 2M
 Heap Min Capacity: 8M
 Heap Initial Capacity: 240M
 Heap Max Capacity: 3824M
 Pre-touch: Disabled
 Parallel Workers: 8
 Concurrent Workers: 2
 Concurrent Refinement Workers: 8
 Periodic GC: Disabled
Heap:
 garbage-first heap   total 147456K, used 101922K [0x0000000711000000, 0x0000000800000000)
  region size 2048K, 26 young (53248K), 4 survivors (8192K)
 Metaspace       used 74593K, committed 75008K, reserved 1122304K
  class space    used 8658K, committed 8832K, reserved 1048576K
GC Heap History (20 events):
Event: 4.466 GC heap before
{Heap before GC invocations=5 (full 0):
 garbage-first heap   total 49152K, used 29009K [0x0000000711000000, 0x0000000800000000)
  region size 2048K, 12 young (24576K), 5 survivors (10240K)
 Metaspace       used 31398K, committed 31616K, reserved 1081344K
  class space    used 3827K, committed 3904K, reserved 1048576K
}
Event: 4.484 GC heap after
{Heap after GC invocations=6 (full 0):
 garbage-first heap   total 49152K, used 18490K [0x0000000711000000, 0x0000000800000000)
  region size 2048K, 2 young (4096K), 2 survivors (4096K)
 Metaspace       used 31398K, committed 31616K, reserved 1081344K
  class space    used 3827K, committed 3904K, reserved 1048576K
}
Event: 5.020 GC heap before
{Heap before GC invocations=6 (full 0):
 garbage-first heap   total 49152K, used 34874K [0x0000000711000000, 0x0000000800000000)
  region size 2048K, 10 young (20480K), 2 survivors (4096K)
 Metaspace       used 33726K, committed 33984K, reserved 1081344K
  class space    used 4313K, committed 4416K, reserved 1048576K
}
Event: 5.036 GC heap after
{Heap after GC invocations=7 (full 0):
 garbage-first heap   total 49152K, used 24016K [0x0000000711000000, 0x0000000800000000)
  region size 2048K, 2 young (4096K), 2 survivors (4096K)
 Metaspace       used 33726K, committed 33984K, reserved 1081344K
  class space    used 4313K, committed 4416K, reserved 1048576K
}
Event: 5.293 GC heap before
{Heap before GC invocations=7 (full 0):
 garbage-first heap   total 49152K, used 32208K [0x0000000711000000, 0x0000000800000000)
  region size 2048K, 7 young (14336K), 2 survivors (4096K)
 Metaspace       used 35808K, committed 35968K, reserved 1081344K
  class space    used 4540K, committed 4608K, reserved 1048576K
}
Event: 5.307 GC heap after
{Heap after GC invocations=8 (full 0):
 garbage-first heap   total 49152K, used 25363K [0x0000000711000000, 0x0000000800000000)
  region size 2048K, 1 young (2048K), 1 survivors (2048K)
 Metaspace       used 35808K, committed 35968K, reserved 1081344K
  class space    used 4540K, committed 4608K, reserved 1048576K
}
Event: 5.689 GC heap before
{Heap before GC invocations=9 (full 0):
 garbage-first heap   total 49152K, used 33555K [0x0000000711000000, 0x0000000800000000)
  region size 2048K, 6 young (12288K), 1 survivors (2048K)
 Metaspace       used 37182K, committed 37376K, reserved 1089536K
  class space    used 4711K, committed 4800K, reserved 1048576K
}
Event: 5.694 GC heap after
{Heap after GC invocations=10 (full 0):
 garbage-first heap   total 49152K, used 24576K [0x0000000711000000, 0x0000000800000000)
  region size 2048K, 1 young (2048K), 1 survivors (2048K)
 Metaspace       used 37182K, committed 37376K, reserved 1089536K
  class space    used 4711K, committed 4800K, reserved 1048576K
}
Event: 5.793 GC heap before
{Heap before GC invocations=10 (full 0):
 garbage-first heap   total 49152K, used 24576K [0x0000000711000000, 0x0000000800000000)
  region size 2048K, 2 young (4096K), 1 survivors (2048K)
 Metaspace       used 37456K, committed 37632K, reserved 1089536K
  class space    used 4743K, committed 4800K, reserved 1048576K
}
Event: 5.808 GC heap after
{Heap after GC invocations=11 (full 0):
 garbage-first heap   total 147456K, used 25009K [0x0000000711000000, 0x0000000800000000)
  region size 2048K, 1 young (2048K), 1 survivors (2048K)
 Metaspace       used 37456K, committed 37632K, reserved 1089536K
  class space    used 4743K, committed 4800K, reserved 1048576K
}
Event: 8.568 GC heap before
{Heap before GC invocations=11 (full 0):
 garbage-first heap   total 147456K, used 94641K [0x0000000711000000, 0x0000000800000000)
  region size 2048K, 34 young (69632K), 1 survivors (2048K)
 Metaspace       used 51728K, committed 52032K, reserved 1097728K
  class space    used 6278K, committed 6400K, reserved 1048576K
}
Event: 8.590 GC heap after
{Heap after GC invocations=12 (full 0):
 garbage-first heap   total 147456K, used 34354K [0x0000000711000000, 0x0000000800000000)
  region size 2048K, 4 young (8192K), 4 survivors (8192K)
 Metaspace       used 51728K, committed 52032K, reserved 1097728K
  class space    used 6278K, committed 6400K, reserved 1048576K
}
Event: 10.478 GC heap before
{Heap before GC invocations=12 (full 0):
 garbage-first heap   total 147456K, used 101938K [0x0000000711000000, 0x0000000800000000)
  region size 2048K, 37 young (75776K), 4 survivors (8192K)
 Metaspace       used 54648K, committed 54976K, reserved 1097728K
  class space    used 6497K, committed 6656K, reserved 1048576K
}
Event: 10.517 GC heap after
{Heap after GC invocations=13 (full 0):
 garbage-first heap   total 147456K, used 42753K [0x0000000711000000, 0x0000000800000000)
  region size 2048K, 5 young (10240K), 5 survivors (10240K)
 Metaspace       used 54648K, committed 54976K, reserved 1097728K
  class space    used 6497K, committed 6656K, reserved 1048576K
}
Event: 12.721 GC heap before
{Heap before GC invocations=13 (full 0):
 garbage-first heap   total 147456K, used 104193K [0x0000000711000000, 0x0000000800000000)
  region size 2048K, 35 young (71680K), 5 survivors (10240K)
 Metaspace       used 58461K, committed 58752K, reserved 1105920K
  class space    used 6867K, committed 6976K, reserved 1048576K
}
Event: 12.744 GC heap after
{Heap after GC invocations=14 (full 0):
 garbage-first heap   total 147456K, used 51151K [0x0000000711000000, 0x0000000800000000)
  region size 2048K, 5 young (10240K), 5 survivors (10240K)
 Metaspace       used 58461K, committed 58752K, reserved 1105920K
  class space    used 6867K, committed 6976K, reserved 1048576K
}
Event: 13.224 GC heap before
{Heap before GC invocations=14 (full 0):
 garbage-first heap   total 147456K, used 61391K [0x0000000711000000, 0x0000000800000000)
  region size 2048K, 11 young (22528K), 5 survivors (10240K)
 Metaspace       used 59860K, committed 60096K, reserved 1105920K
  class space    used 7032K, committed 7168K, reserved 1048576K
}
Event: 13.246 GC heap after
{Heap after GC invocations=15 (full 0):
 garbage-first heap   total 147456K, used 52784K [0x0000000711000000, 0x0000000800000000)
  region size 2048K, 1 young (2048K), 1 survivors (2048K)
 Metaspace       used 59860K, committed 60096K, reserved 1105920K
  class space    used 7032K, committed 7168K, reserved 1048576K
}
Event: 16.354 GC heap before
{Heap before GC invocations=16 (full 0):
 garbage-first heap   total 147456K, used 110128K [0x0000000711000000, 0x0000000800000000)
  region size 2048K, 29 young (59392K), 1 survivors (2048K)
 Metaspace       used 67126K, committed 67392K, reserved 1114112K
  class space    used 7806K, committed 7936K, reserved 1048576K
}
Event: 16.374 GC heap after
{Heap after GC invocations=17 (full 0):
 garbage-first heap   total 147456K, used 60962K [0x0000000711000000, 0x0000000800000000)
  region size 2048K, 4 young (8192K), 4 survivors (8192K)
 Metaspace       used 67126K, committed 67392K, reserved 1114112K
  class space    used 7806K, committed 7936K, reserved 1048576K
}

