# JRE version: OpenJDK Runtime Environment (17.0.6) (build 17.0.6+0-b2043.56-10027231)
# Java VM: OpenJDK 64-Bit Server VM (17.0.6+0-b2043.56-10027231, mixed mode, tiered, compressed oops, compressed class ptrs, g1 gc, windows-amd64)
GC Precious Log:
 CPUs: 8 total, 8 available
 Memory: 15295M
 Large Page Support: Disabled
 NUMA Support: Disabled
 Compressed Oops: Enabled (32-bit)
 Heap Region Size: 1M
 Heap Min Capacity: 8M
 Heap Initial Capacity: 240M
 Heap Max Capacity: 2G
 Pre-touch: Disabled
 Parallel Workers: 8
 Concurrent Workers: 2
 Concurrent Refinement Workers: 8
 Periodic GC: Disabled
Heap:
 garbage-first heap   total 249856K, used 134331K [0x0000000080000000, 0x0000000100000000)
  region size 1024K, 54 young (55296K), 2 survivors (2048K)
 Metaspace       used 58862K, committed 59456K, reserved 1105920K
  class space    used 7697K, committed 7936K, reserved 1048576K
GC Heap History (20 events):
Event: 55.371 GC heap before
{Heap before GC invocations=100 (full 0):
 garbage-first heap   total 165888K, used 144212K [0x0000000080000000, 0x0000000100000000)
  region size 1024K, 67 young (68608K), 2 survivors (2048K)
 Metaspace       used 58846K, committed 59456K, reserved 1105920K
  class space    used 7697K, committed 7936K, reserved 1048576K
}
Event: 55.373 GC heap after
{Heap after GC invocations=101 (full 0):
 garbage-first heap   total 165888K, used 77606K [0x0000000080000000, 0x0000000100000000)
  region size 1024K, 2 young (2048K), 2 survivors (2048K)
 Metaspace       used 58846K, committed 59456K, reserved 1105920K
  class space    used 7697K, committed 7936K, reserved 1048576K
}
Event: 55.545 GC heap before
{Heap before GC invocations=102 (full 0):
 garbage-first heap   total 184320K, used 144166K [0x0000000080000000, 0x0000000100000000)
  region size 1024K, 67 young (68608K), 2 survivors (2048K)
 Metaspace       used 58846K, committed 59456K, reserved 1105920K
  class space    used 7697K, committed 7936K, reserved 1048576K
}
Event: 55.547 GC heap after
{Heap after GC invocations=103 (full 0):
 garbage-first heap   total 184320K, used 77680K [0x0000000080000000, 0x0000000100000000)
  region size 1024K, 2 young (2048K), 2 survivors (2048K)
 Metaspace       used 58846K, committed 59456K, reserved 1105920K
  class space    used 7697K, committed 7936K, reserved 1048576K
}
Event: 55.562 GC heap before
{Heap before GC invocations=103 (full 0):
 garbage-first heap   total 184320K, used 84848K [0x0000000080000000, 0x0000000100000000)
  region size 1024K, 9 young (9216K), 2 survivors (2048K)
 Metaspace       used 58846K, committed 59456K, reserved 1105920K
  class space    used 7697K, committed 7936K, reserved 1048576K
}
Event: 55.566 GC heap after
{Heap after GC invocations=104 (full 0):
 garbage-first heap   total 249856K, used 77122K [0x0000000080000000, 0x0000000100000000)
  region size 1024K, 1 young (1024K), 1 survivors (1024K)
 Metaspace       used 58846K, committed 59456K, reserved 1105920K
  class space    used 7697K, committed 7936K, reserved 1048576K
}
Event: 56.218 GC heap before
{Heap before GC invocations=104 (full 0):
 garbage-first heap   total 249856K, used 222530K [0x0000000080000000, 0x0000000100000000)
  region size 1024K, 142 young (145408K), 1 survivors (1024K)
 Metaspace       used 58854K, committed 59456K, reserved 1105920K
  class space    used 7697K, committed 7936K, reserved 1048576K
}
Event: 56.220 GC heap after
{Heap after GC invocations=105 (full 0):
 garbage-first heap   total 249856K, used 77458K [0x0000000080000000, 0x0000000100000000)
  region size 1024K, 2 young (2048K), 2 survivors (2048K)
 Metaspace       used 58854K, committed 59456K, reserved 1105920K
  class space    used 7697K, committed 7936K, reserved 1048576K
}
Event: 56.735 GC heap before
{Heap before GC invocations=105 (full 0):
 garbage-first heap   total 249856K, used 220818K [0x0000000080000000, 0x0000000100000000)
  region size 1024K, 142 young (145408K), 2 survivors (2048K)
 Metaspace       used 58857K, committed 59456K, reserved 1105920K
  class space    used 7697K, committed 7936K, reserved 1048576K
}
Event: 56.737 GC heap after
{Heap after GC invocations=106 (full 0):
 garbage-first heap   total 249856K, used 78386K [0x0000000080000000, 0x0000000100000000)
  region size 1024K, 3 young (3072K), 3 survivors (3072K)
 Metaspace       used 58857K, committed 59456K, reserved 1105920K
  class space    used 7697K, committed 7936K, reserved 1048576K
}
Event: 57.226 GC heap before
{Heap before GC invocations=106 (full 0):
 garbage-first heap   total 249856K, used 219698K [0x0000000080000000, 0x0000000100000000)
  region size 1024K, 141 young (144384K), 3 survivors (3072K)
 Metaspace       used 58857K, committed 59456K, reserved 1105920K
  class space    used 7697K, committed 7936K, reserved 1048576K
}
Event: 57.229 GC heap after
{Heap after GC invocations=107 (full 0):
 garbage-first heap   total 249856K, used 79377K [0x0000000080000000, 0x0000000100000000)
  region size 1024K, 4 young (4096K), 4 survivors (4096K)
 Metaspace       used 58857K, committed 59456K, reserved 1105920K
  class space    used 7697K, committed 7936K, reserved 1048576K
}
Event: 57.759 GC heap before
{Heap before GC invocations=108 (full 0):
 garbage-first heap   total 249856K, used 218641K [0x0000000080000000, 0x0000000100000000)
  region size 1024K, 140 young (143360K), 4 survivors (4096K)
 Metaspace       used 58857K, committed 59456K, reserved 1105920K
  class space    used 7697K, committed 7936K, reserved 1048576K
}
Event: 57.763 GC heap after
{Heap after GC invocations=109 (full 0):
 garbage-first heap   total 249856K, used 80158K [0x0000000080000000, 0x0000000100000000)
  region size 1024K, 4 young (4096K), 4 survivors (4096K)
 Metaspace       used 58857K, committed 59456K, reserved 1105920K
  class space    used 7697K, committed 7936K, reserved 1048576K
}
Event: 58.350 GC heap before
{Heap before GC invocations=109 (full 0):
 garbage-first heap   total 249856K, used 219422K [0x0000000080000000, 0x0000000100000000)
  region size 1024K, 140 young (143360K), 4 survivors (4096K)
 Metaspace       used 58858K, committed 59456K, reserved 1105920K
  class space    used 7697K, committed 7936K, reserved 1048576K
}
Event: 58.353 GC heap after
{Heap after GC invocations=110 (full 0):
 garbage-first heap   total 249856K, used 80993K [0x0000000080000000, 0x0000000100000000)
  region size 1024K, 5 young (5120K), 5 survivors (5120K)
 Metaspace       used 58858K, committed 59456K, reserved 1105920K
  class space    used 7697K, committed 7936K, reserved 1048576K
}
Event: 59.032 GC heap before
{Heap before GC invocations=111 (full 0):
 garbage-first heap   total 249856K, used 218209K [0x0000000080000000, 0x0000000100000000)
  region size 1024K, 139 young (142336K), 5 survivors (5120K)
 Metaspace       used 58858K, committed 59456K, reserved 1105920K
  class space    used 7697K, committed 7936K, reserved 1048576K
}
Event: 59.037 GC heap after
{Heap after GC invocations=112 (full 0):
 garbage-first heap   total 249856K, used 81992K [0x0000000080000000, 0x0000000100000000)
  region size 1024K, 6 young (6144K), 6 survivors (6144K)
 Metaspace       used 58858K, committed 59456K, reserved 1105920K
  class space    used 7697K, committed 7936K, reserved 1048576K
}
Event: 59.063 GC heap before
{Heap before GC invocations=112 (full 0):
 garbage-first heap   total 249856K, used 88136K [0x0000000080000000, 0x0000000100000000)
  region size 1024K, 12 young (12288K), 6 survivors (6144K)
 Metaspace       used 58858K, committed 59456K, reserved 1105920K
  class space    used 7697K, committed 7936K, reserved 1048576K
}
Event: 59.069 GC heap after
{Heap after GC invocations=113 (full 0):
 garbage-first heap   total 249856K, used 82107K [0x0000000080000000, 0x0000000100000000)
  region size 1024K, 2 young (2048K), 2 survivors (2048K)
 Metaspace       used 58858K, committed 59456K, reserved 1105920K
  class space    used 7697K, committed 7936K, reserved 1048576K
}

