# JRE version: OpenJDK Runtime Environment (17.0.6) (build 17.0.6+0-b2043.56-10027231)
# Java VM: OpenJDK 64-Bit Server VM (17.0.6+0-b2043.56-10027231, mixed mode, tiered, compressed oops, compressed class ptrs, g1 gc, windows-amd64)
GC Precious Log:
 CPUs: 8 total, 8 available
 Memory: 15295M
 Large Page Support: Disabled
 NUMA Support: Disabled
 Compressed Oops: Enabled (32-bit)
 Heap Region Size: 1M
 Heap Min Capacity: 8M
 Heap Initial Capacity: 240M
 Heap Max Capacity: 2G
 Pre-touch: Disabled
 Parallel Workers: 8
 Concurrent Workers: 2
 Concurrent Refinement Workers: 8
 Periodic GC: Disabled
Heap:
 garbage-first heap   total 68608K, used 21477K [0x0000000080000000, 0x0000000100000000)
  region size 1024K, 2 young (2048K), 1 survivors (1024K)
 Metaspace       used 26095K, committed 26304K, reserved 1073152K
  class space    used 3379K, committed 3456K, reserved 1048576K
GC Heap History (6 events):
Event: 1.509 GC heap before
{Heap before GC invocations=0 (full 0):
 garbage-first heap   total 245760K, used 26624K [0x0000000080000000, 0x0000000100000000)
  region size 1024K, 23 young (23552K), 0 survivors (0K)
 Metaspace       used 10297K, committed 10368K, reserved 1064960K
  class space    used 1055K, committed 1088K, reserved 1048576K
}
Event: 1.516 GC heap after
{Heap after GC invocations=1 (full 0):
 garbage-first heap   total 245760K, used 10636K [0x0000000080000000, 0x0000000100000000)
  region size 1024K, 3 young (3072K), 3 survivors (3072K)
 Metaspace       used 10297K, committed 10368K, reserved 1064960K
  class space    used 1055K, committed 1088K, reserved 1048576K
}
Event: 2.309 GC heap before
{Heap before GC invocations=1 (full 0):
 garbage-first heap   total 245760K, used 38284K [0x0000000080000000, 0x0000000100000000)
  region size 1024K, 30 young (30720K), 3 survivors (3072K)
 Metaspace       used 11492K, committed 11648K, reserved 1064960K
  class space    used 1202K, committed 1280K, reserved 1048576K
}
Event: 2.317 GC heap after
{Heap after GC invocations=2 (full 0):
 garbage-first heap   total 245760K, used 11343K [0x0000000080000000, 0x0000000100000000)
  region size 1024K, 1 young (1024K), 1 survivors (1024K)
 Metaspace       used 11492K, committed 11648K, reserved 1064960K
  class space    used 1202K, committed 1280K, reserved 1048576K
}
Event: 4.788 GC heap before
{Heap before GC invocations=2 (full 0):
 garbage-first heap   total 245760K, used 65615K [0x0000000080000000, 0x0000000100000000)
  region size 1024K, 54 young (55296K), 1 survivors (1024K)
 Metaspace       used 21312K, committed 21504K, reserved 1073152K
  class space    used 2555K, committed 2688K, reserved 1048576K
}
Event: 4.803 GC heap after
{Heap after GC invocations=3 (full 0):
 garbage-first heap   total 245760K, used 18633K [0x0000000080000000, 0x0000000100000000)
  region size 1024K, 8 young (8192K), 8 survivors (8192K)
 Metaspace       used 21312K, committed 21504K, reserved 1073152K
  class space    used 2555K, committed 2688K, reserved 1048576K
}

